<?xml version="1.0" encoding="UTF-8" ?>
<testsuite errors="0" failures="0" hostname="Pikachu" name="com.flatironschool.javacs.ListClientExampleTest" skipped="0" tests="1" time="0.093" timestamp="2016-04-16T16:22:46">
  <properties>
    <property name="java.vendor" value="Oracle Corporation" />
    <property name="env.USERDOMAIN_ROAMINGPROFILE" value="PIKACHU" />
    <property name="sun.java.launcher" value="SUN_STANDARD" />
    <property name="sun.management.compiler" value="HotSpot 64-Bit Tiered Compilers" />
    <property name="env.PROMPT" value="$P$G" />
    <property name="os.name" value="Windows 10" />
    <property name="env.FP_NO_HOST_CHECK" value="NO" />
    <property name="sun.boot.class.path" value="C:\Program Files\Java\jdk1.8.0_73\jre\lib\resources.jar;C:\Program Files\Java\jdk1.8.0_73\jre\lib\rt.jar;C:\Program Files\Java\jdk1.8.0_73\jre\lib\sunrsasign.jar;C:\Program Files\Java\jdk1.8.0_73\jre\lib\jsse.jar;C:\Program Files\Java\jdk1.8.0_73\jre\lib\jce.jar;C:\Program Files\Java\jdk1.8.0_73\jre\lib\charsets.jar;C:\Program Files\Java\jdk1.8.0_73\jre\lib\jfr.jar;C:\Program Files\Java\jdk1.8.0_73\jre\classes" />
    <property name="env.COMPUTERNAME" value="PIKACHU" />
    <property name="env.CommonProgramW6432" value="C:\Program Files\Common Files" />
    <property name="env.ALLUSERSPROFILE" value="C:\ProgramData" />
    <property name="sun.desktop" value="windows" />
    <property name="java.vm.specification.vendor" value="Oracle Corporation" />
    <property name="ant.home" value="C:\Program Files\Ant\apache-ant-1.9.6" />
    <property name="java.runtime.version" value="1.8.0_73-b02" />
    <property name="env.HOMEPATH" value="\Users\Rachel" />
    <property name="user.name" value="Pikachu" />
    <property name="env.USER" value="Pikachu" />
    <property name="user.language" value="en" />
    <property name="sun.boot.library.path" value="C:\Program Files\Java\jdk1.8.0_73\jre\bin" />
    <property name="ant.project.default-target" value="build" />
    <property name="ant.project.name" value="JavaCS" />
    <property name="env.git_install_root" value="C:\Users\Rachel\AppData\Local\GitHub\PortableGit_25d850739bc178b2eb13c3e2a9faafea2f9143c0" />
    <property name="java.version" value="1.8.0_73" />
    <property name="env.PROCESSOR_IDENTIFIER" value="Intel64 Family 6 Model 58 Stepping 9, GenuineIntel" />
    <property name="env.OnlineServices" value="Online Services" />
    <property name="user.timezone" value="" />
    <property name="env.asl.log" value="Destination=file" />
    <property name="env.TEMP" value="C:\Users\Rachel\AppData\Local\Temp\" />
    <property name="sun.arch.data.model" value="64" />
    <property name="env.SSH_AGENT_PID" value="9864" />
    <property name="java.endorsed.dirs" value="C:\Program Files\Java\jdk1.8.0_73\jre\lib\endorsed" />
    <property name="env._JAVACMD" value="C:\Program Files\Java\jdk1.8.0_73\bin\java.exe" />
    <property name="sun.cpu.isalist" value="amd64" />
    <property name="env.HOMEDRIVE" value="C:" />
    <property name="sun.jnu.encoding" value="Cp1252" />
    <property name="file.encoding.pkg" value="sun.io" />
    <property name="env.VS110COMNTOOLS" value="C:\Program Files (x86)\Microsoft Visual Studio 11.0\Common7\Tools\" />
    <property name="file.separator" value="\" />
    <property name="java.specification.name" value="Java Platform API Specification" />
    <property name="java.class.version" value="52.0" />
    <property name="env.github_shell" value="true" />
    <property name="user.country" value="US" />
    <property name="ant.file.JavaCS" value="C:\Users\Rachel\Documents\GitHub\cs-swapping-implementations-lab-codeU\javacs-lab01\build.xml" />
    <property name="java.home" value="C:\Program Files\Java\jdk1.8.0_73\jre" />
    <property name="env.PSModulePath" value="C:\Users\Rachel\Documents\WindowsPowerShell\Modules;C:\Program Files (x86)\WindowsPowerShell\Modules;C:\WINDOWS\system32\WindowsPowerShell\v1.0\Modules\" />
    <property name="env.APPDATA" value="C:\Users\Rachel\AppData\Roaming" />
    <property name="env.PUBLIC" value="C:\Users\Public" />
    <property name="java.vm.info" value="mixed mode" />
    <property name="env.ComSpec" value="C:\WINDOWS\system32\cmd.exe" />
    <property name="env.OS" value="Windows_NT" />
    <property name="env.CommonProgramFiles" value="C:\Program Files\Common Files" />
    <property name="env.github_posh_git" value="C:\Users\Rachel\AppData\Local\GitHub\PoshGit_869d4c5159797755bc04749db47b166136e59132" />
    <property name="ant.file" value="C:\Users\Rachel\Documents\GitHub\cs-swapping-implementations-lab-codeU\javacs-lab01\build.xml" />
    <property name="os.version" value="10.0" />
    <property name="env.ProgramW6432" value="C:\Program Files" />
    <property name="env._USE_CLASSPATH" value="no" />
    <property name="path.separator" value=";" />
    <property name="java.vm.version" value="25.73-b02" />
    <property name="env.USERPROFILE" value="C:\Users\Rachel" />
    <property name="user.variant" value="" />
    <property name="ant.library.dir" value="C:\Program Files\Ant\apache-ant-1.9.6\lib" />
    <property name="junit.output.dir" value="junit" />
    <property name="env.SSL_CERT_FILE" value="C:\RailsInstaller\cacert.pem" />
    <property name="env.JAVA_HOME" value="C:\Program Files\Java\jdk1.8.0_73" />
    <property name="java.awt.printerjob" value="sun.awt.windows.WPrinterJob" />
    <property name="env.TERM" value="cygwin" />
    <property name="env.TMP" value="C:\Users\Rachel\AppData\Local\Temp\" />
    <property name="sun.io.unicode.encoding" value="UnicodeLittle" />
    <property name="awt.toolkit" value="sun.awt.windows.WToolkit" />
    <property name="env.PSExecutionPolicyPreference" value="Unrestricted" />
    <property name="sun.stdout.encoding" value="cp437" />
    <property name="user.script" value="" />
    <property name="target" value="1.6" />
    <property name="user.home" value="C:\Users\Rachel" />
    <property name="env.VS140COMNTOOLS" value="C:\Program Files (x86)\Microsoft Visual Studio 14.0\Common7\Tools\" />
    <property name="env.ProgramData" value="C:\ProgramData" />
    <property name="env.ProgramFiles(x86)" value="C:\Program Files (x86)" />
    <property name="env.SESSIONNAME" value="Console" />
    <property name="java.specification.vendor" value="Oracle Corporation" />
    <property name="java.vendor.url" value="http://java.oracle.com/" />
    <property name="java.library.path" value="C:\Program Files\Java\jdk1.8.0_73\jre\bin;C:\WINDOWS\Sun\Java\bin;C:\WINDOWS\system32;C:\WINDOWS;C:\Users\Rachel\AppData\Local\GitHub\PortableGit_25d850739bc178b2eb13c3e2a9faafea2f9143c0\cmd;C:\Users\Rachel\AppData\Local\GitHub\PortableGit_25d850739bc178b2eb13c3e2a9faafea2f9143c0\usr\bin;C:\Users\Rachel\AppData\Local\GitHub\PortableGit_25d850739bc178b2eb13c3e2a9faafea2f9143c0\usr\share\git-tfs;C:\Users\Rachel\AppData\Local\Apps\2.0\61A20ZZN.4AG\DZBJBKJZ.DO4\gith..tion_317444273a93ac29_0003.0000_c74cce3a838f9354;C:\Users\Rachel\AppData\Local\GitHub\lfs-amd64_1.1.0;C:\Program Files (x86)\MSBuild\12.0\bin;C:\ProgramData\Oracle\Java\javapath;C:\Program Files (x86)\Intel\iCLS Client\;C:\Program Files\Intel\iCLS Client\;C:\WINDOWS\system32;C:\WINDOWS;C:\WINDOWS\System32\Wbem;C:\WINDOWS\System32\WindowsPowerShell\v1.0\;C:\Program Files (x86)\Windows Live\Shared;C:\Program Files (x86)\Intel\OpenCL SDK\2.0\bin\x86;C:\Program Files (x86)\Intel\OpenCL SDK\2.0\bin\x64;C:\Program Files\Intel\Intel(R) Management Engine Components\DAL;C:\Program Files\Intel\Intel(R) Management Engine Components\IPT;C:\Program Files (x86)\Intel\Intel(R) Management Engine Components\DAL;C:\Program Files (x86)\Intel\Intel(R) Management Engine Components\IPT;C:\Program Files (x86)\Windows Kits\8.1\Windows Performance Toolkit\;C:\Program Files\Microsoft SQL Server\110\Tools\Binn\;C:\Program Files (x86)\Microsoft SDKs\TypeScript\1.0\;C:\Program Files\Microsoft SQL Server\120\Tools\Binn\;C:\WINDOWS\system32\config\systemprofile\.dnx\bin;C:\Program Files\Microsoft DNX\Dnvm\;C:\Program Files (x86)\Skype\Phone\;C:\Program Files\Git\cmd;C:\RailsInstaller\Git\cmd;C:\RailsInstaller\Ruby2.2.0\bin;C:\Program Files (x86)\SSH Communications Security\SSH Secure Shell;C:\path\already\set;C:\Program Files\Java\jdk1.8.0_73;C:\Program Files\Ant\apache-ant-1.9.6\bin;." />
    <property name="env.NUMBER_OF_PROCESSORS" value="4" />
    <property name="java.vm.vendor" value="Oracle Corporation" />
    <property name="java.runtime.name" value="Java(TM) SE Runtime Environment" />
    <property name="java.class.path" value="C:\Users\Rachel\Documents\GitHub\cs-swapping-implementations-lab-codeU\javacs-lab01\bin;C:\Users\Rachel\Documents\GitHub\cs-swapping-implementations-lab-codeU\javacs-lab01\lib\junit-4.12.jar;C:\Users\Rachel\Documents\GitHub\cs-swapping-implementations-lab-codeU\javacs-lab01\lib\hamcrest-core-1.3.jar;C:\Program Files\Ant\apache-ant-1.9.6\lib\ant-launcher.jar;C:\Program Files\Ant\apache-ant-1.9.6\lib\ant.jar;C:\Program Files\Ant\apache-ant-1.9.6\lib\ant-junit.jar;C:\Program Files\Ant\apache-ant-1.9.6\lib\ant-junit4.jar" />
    <property name="sun.java.command" value="org.apache.tools.ant.taskdefs.optional.junit.JUnitTestRunner com.flatironschool.javacs.ListClientExampleTest skipNonTests=false filtertrace=true haltOnError=false haltOnFailure=false formatter=org.apache.tools.ant.taskdefs.optional.junit.OutErrSummaryJUnitResultFormatter showoutput=false outputtoformatters=true logfailedtests=true threadid=0 logtestlistenerevents=false formatter=org.apache.tools.ant.taskdefs.optional.junit.XMLJUnitResultFormatter,C:\Users\Rachel\Documents\GitHub\cs-swapping-implementations-lab-codeU\javacs-lab01\junit\TEST-com.flatironschool.javacs.ListClientExampleTest.xml formatter=org.apache.tools.ant.taskdefs.optional.junit.PlainJUnitResultFormatter crashfile=C:\Users\Rachel\Documents\GitHub\cs-swapping-implementations-lab-codeU\javacs-lab01\junitvmwatcher7471148947017459315.properties propsfile=C:\Users\Rachel\Documents\GitHub\cs-swapping-implementations-lab-codeU\javacs-lab01\junit3290218302486404943.properties" />
    <property name="ant.version" value="Apache Ant(TM) version 1.9.6 compiled on June 29 2015" />
    <property name="env.PCBRAND" value="Pavilion" />
    <property name="env.github_git" value="C:\Users\Rachel\AppData\Local\GitHub\PortableGit_25d850739bc178b2eb13c3e2a9faafea2f9143c0" />
    <property name="ant.file.type.JavaCS" value="file" />
    <property name="java.vm.specification.name" value="Java Virtual Machine Specification" />
    <property name="ant.file.type" value="file" />
    <property name="env.LOGONSERVER" value="\\MicrosoftAccount" />
    <property name="env.windir" value="C:\WINDOWS" />
    <property name="java.vm.specification.version" value="1.8" />
    <property name="env.PROCESSOR_ARCHITECTURE" value="AMD64" />
    <property name="sun.cpu.endian" value="little" />
    <property name="sun.os.patch.level" value="" />
    <property name="env.HOME" value="C:\Users\Rachel" />
    <property name="debuglevel" value="source,lines,vars" />
    <property name="env.ProgramFiles" value="C:\Program Files" />
    <property name="env.ANT_HOME" value="C:\Program Files\Ant\apache-ant-1.9.6" />
    <property name="java.io.tmpdir" value="C:\Users\Rachel\AppData\Local\Temp\" />
    <property name="env.PROCESSOR_REVISION" value="3a09" />
    <property name="env.CommonProgramFiles(x86)" value="C:\Program Files (x86)\Common Files" />
    <property name="env.VS120COMNTOOLS" value="C:\Program Files (x86)\Microsoft Visual Studio 12.0\Common7\Tools\" />
    <property name="java.vendor.url.bug" value="http://bugreport.sun.com/bugreport/" />
    <property name="env.SSH_AUTH_SOCK" value="/tmp/ssh-JLgTbsujjk2b/agent.6204" />
    <property name="env.SystemRoot" value="C:\WINDOWS" />
    <property name="java.awt.graphicsenv" value="sun.awt.Win32GraphicsEnvironment" />
    <property name="os.arch" value="amd64" />
    <property name="env.ANT_CMD_LINE_ARGS" value=" test -buildfile javacs-lab01/build.xml" />
    <property name="env.PLINK_PROTOCOL" value="ssh" />
    <property name="java.ext.dirs" value="C:\Program Files\Java\jdk1.8.0_73\jre\lib\ext;C:\WINDOWS\Sun\Java\lib\ext" />
    <property name="env.LOCALAPPDATA" value="C:\Users\Rachel\AppData\Local" />
    <property name="user.dir" value="C:\Users\Rachel\Documents\GitHub\cs-swapping-implementations-lab-codeU" />
    <property name="line.separator" value="&#xd;&#xa;" />
    <property name="java.vm.name" value="Java HotSpot(TM) 64-Bit Server VM" />
    <property name="env.PATHEXT" value=".COM;.EXE;.BAT;.CMD;.VBS;.VBE;.JS;.JSE;.WSF;.WSH;.MSC;.CPL" />
    <property name="env.Path" value="C:\Users\Rachel\AppData\Local\GitHub\PortableGit_25d850739bc178b2eb13c3e2a9faafea2f9143c0\cmd;C:\Users\Rachel\AppData\Local\GitHub\PortableGit_25d850739bc178b2eb13c3e2a9faafea2f9143c0\usr\bin;C:\Users\Rachel\AppData\Local\GitHub\PortableGit_25d850739bc178b2eb13c3e2a9faafea2f9143c0\usr\share\git-tfs;C:\Users\Rachel\AppData\Local\Apps\2.0\61A20ZZN.4AG\DZBJBKJZ.DO4\gith..tion_317444273a93ac29_0003.0000_c74cce3a838f9354;C:\Users\Rachel\AppData\Local\GitHub\lfs-amd64_1.1.0;C:\Program Files (x86)\MSBuild\12.0\bin;C:\ProgramData\Oracle\Java\javapath;C:\Program Files (x86)\Intel\iCLS Client\;C:\Program Files\Intel\iCLS Client\;C:\WINDOWS\system32;C:\WINDOWS;C:\WINDOWS\System32\Wbem;C:\WINDOWS\System32\WindowsPowerShell\v1.0\;C:\Program Files (x86)\Windows Live\Shared;C:\Program Files (x86)\Intel\OpenCL SDK\2.0\bin\x86;C:\Program Files (x86)\Intel\OpenCL SDK\2.0\bin\x64;C:\Program Files\Intel\Intel(R) Management Engine Components\DAL;C:\Program Files\Intel\Intel(R) Management Engine Components\IPT;C:\Program Files (x86)\Intel\Intel(R) Management Engine Components\DAL;C:\Program Files (x86)\Intel\Intel(R) Management Engine Components\IPT;C:\Program Files (x86)\Windows Kits\8.1\Windows Performance Toolkit\;C:\Program Files\Microsoft SQL Server\110\Tools\Binn\;C:\Program Files (x86)\Microsoft SDKs\TypeScript\1.0\;C:\Program Files\Microsoft SQL Server\120\Tools\Binn\;C:\WINDOWS\system32\config\systemprofile\.dnx\bin;C:\Program Files\Microsoft DNX\Dnvm\;C:\Program Files (x86)\Skype\Phone\;C:\Program Files\Git\cmd;C:\RailsInstaller\Git\cmd;C:\RailsInstaller\Ruby2.2.0\bin;C:\Program Files (x86)\SSH Communications Security\SSH Secure Shell;C:\path\already\set;C:\Program Files\Java\jdk1.8.0_73;C:\Program Files\Ant\apache-ant-1.9.6\bin" />
    <property name="env.EDITOR" value="GitPad" />
    <property name="basedir" value="C:\Users\Rachel\Documents\GitHub\cs-swapping-implementations-lab-codeU\javacs-lab01" />
    <property name="ant.java.version" value="1.8" />
    <property name="ant.core.lib" value="C:\Program Files\Ant\apache-ant-1.9.6\lib\ant.jar" />
    <property name="env.USERNAME" value="Pikachu" />
    <property name="source" value="1.6" />
    <property name="env.SystemDrive" value="C:" />
    <property name="file.encoding" value="Cp1252" />
    <property name="sun.stderr.encoding" value="cp437" />
    <property name="env.USERDOMAIN" value="PIKACHU" />
    <property name="java.specification.version" value="1.8" />
    <property name="env.=C:" value="C:\Users\Rachel\Documents\GitHub\cs-swapping-implementations-lab-codeU" />
    <property name="ant.project.invoked-targets" value="test" />
    <property name="env.Platform" value="MCD" />
    <property name="env.posh_git" value="C:\Users\Rachel\AppData\Local\GitHub\PoshGit_869d4c5159797755bc04749db47b166136e59132\profile.example.ps1" />
    <property name="env.PROCESSOR_LEVEL" value="6" />
  </properties>
  <testcase classname="com.flatironschool.javacs.ListClientExampleTest" name="testListClientExample" time="0.007" />
  <system-out><![CDATA[]]></system-out>
  <system-err><![CDATA[]]></system-err>
</testsuite>
